<?xml version="1.0" encoding="UTF-8"?>
<!-- Generated by org.testng.reporters.JUnitXMLReporter -->
<testsuite hostname="bogon" ignored="0" name="金融中台接口UI自动化" tests="4" failures="0" timestamp="2021-05-18T15:48:07 CST" time="381.287" errors="0">
  <testcase name="testcase_01_weixinVip" time="109.894" classname="cn.nvwa.finance.testcase.GmuPaymentTest"/>
  <testcase name="testcase_02_alipaySvip" time="89.63" classname="cn.nvwa.finance.testcase.GmuPaymentTest"/>
  <testcase name="testcase_03_virtualCurrencyAlipay" time="79.749" classname="cn.nvwa.finance.testcase.GmuPaymentTest"/>
  <testcase name="testcase_01_chatrightPreOrderAlipay" time="38.08" classname="cn.nvwa.finance.testcase.ChatrightPaymentTest"/>
</testsuite> <!-- 金融中台接口UI自动化 -->
